Classpath : hx/;./haxe/std/;/usr/share/haxe/;./
Parsed /usr/share/haxe/StdTypes.hx
Parsed /usr/share/haxe/String.hx
Parsed /usr/share/haxe/Array.hx
Parsed /usr/share/haxe/Std.hx
Parsed hx/cw/net/FlashConnector.hx
Parsed /usr/share/haxe/flash9/events/Event.hx
Parsed /usr/share/haxe/flash9/events/EventPhase.hx
Parsed /usr/share/haxe/flash9/events/IOErrorEvent.hx
Parsed /usr/share/haxe/flash9/events/ErrorEvent.hx
Parsed /usr/share/haxe/flash9/events/TextEvent.hx
Parsed /usr/share/haxe/flash9/events/SecurityErrorEvent.hx
Parsed /usr/share/haxe/flash9/events/ProgressEvent.hx
Parsed /usr/share/haxe/flash9/external/ExternalInterface.hx
Parsed /usr/share/haxe/flash9/net/Socket.hx
Parsed /usr/share/haxe/flash9/events/EventDispatcher.hx
Parsed /usr/share/haxe/flash9/events/IEventDispatcher.hx
Parsed /usr/share/haxe/flash9/utils/IDataInput.hx
Parsed /usr/share/haxe/flash9/utils/Endian.hx
Parsed /usr/share/haxe/flash9/utils/ByteArray.hx
Parsed /usr/share/haxe/flash9/utils/IDataOutput.hx
Parsed /usr/share/haxe/flash9/system/Security.hx
Parsed /usr/share/haxe/flash9/system/SecurityPanel.hx
Parsed /usr/share/haxe/Hash.hx
Parsed /usr/share/haxe/flash9/utils/Dictionary.hx
Typing cw.net.FlashConnection.new
Typing cw.net.FlashConnection.connect
Typing cw.net.FlashConnection.attachListeners
Typing cw.net.FlashConnection.handle_connect
Typing cw.net.FlashConnection.handle_close
Typing cw.net.FlashConnection.close
Typing cw.net.FlashConnector.done
Typing cw.net.FlashConnector.connections
Typing Hash.new
Typing Hash.remove
Typing cw.net.FlashConnection.handle_io_error
Typing cw.net.FlashConnection.handle_security_error
Typing cw.net.FlashConnection.handle_data
Typing cw.net.FlashConnection.writeFrames
Parsed /usr/share/haxe/IntIter.hx
Typing cw.net.FlashConnector.connect
Typing Hash.get
Typing Hash.set
Typing cw.net.FlashConnector.close
Typing cw.net.FlashConnector.writeFrames
Typing cw.net.FlashConnector.loadPolicyFile
Typing cw.net.FlashConnector.setCallbackFunc
Typing cw.net.FlashConnector.registerCallbacks
Typing cw.net.FlashConnector.main
Parsed /usr/share/haxe/flash9/Lib.hx
Parsed /usr/share/haxe/flash9/display/MovieClip.hx
Parsed /usr/share/haxe/flash9/display/Sprite.hx
Parsed /usr/share/haxe/flash9/display/DisplayObjectContainer.hx
Parsed /usr/share/haxe/flash9/display/InteractiveObject.hx
Parsed /usr/share/haxe/flash9/display/DisplayObject.hx
Parsed /usr/share/haxe/flash9/display/IBitmapDrawable.hx
Parsed /usr/share/haxe/flash9/accessibility/AccessibilityProperties.hx
Parsed /usr/share/haxe/flash9/display/BlendMode.hx
Parsed /usr/share/haxe/flash9/display/LoaderInfo.hx
Parsed /usr/share/haxe/flash9/display/ActionScriptVersion.hx
Parsed /usr/share/haxe/flash9/system/ApplicationDomain.hx
Parsed /usr/share/haxe/flash9/display/Loader.hx
Parsed /usr/share/haxe/flash9/net/URLRequest.hx
Parsed /usr/share/haxe/flash9/net/URLRequestHeader.hx
Parsed /usr/share/haxe/flash9/system/LoaderContext.hx
Parsed /usr/share/haxe/flash9/system/SecurityDomain.hx
Parsed /usr/share/haxe/flash9/display/SWFVersion.hx
Parsed /usr/share/haxe/flash9/geom/Rectangle.hx
Parsed /usr/share/haxe/flash9/geom/Point.hx
Parsed /usr/share/haxe/flash9/display/Stage.hx
Parsed /usr/share/haxe/flash9/display/StageAlign.hx
Parsed /usr/share/haxe/flash9/display/StageQuality.hx
Parsed /usr/share/haxe/flash9/display/StageScaleMode.hx
Parsed /usr/share/haxe/flash9/display/StageDisplayState.hx
Parsed /usr/share/haxe/flash9/geom/Transform.hx
Parsed /usr/share/haxe/flash9/geom/ColorTransform.hx
Parsed /usr/share/haxe/flash9/geom/Matrix.hx
Parsed /usr/share/haxe/flash9/accessibility/AccessibilityImplementation.hx
Parsed /usr/share/haxe/flash9/ui/ContextMenu.hx
Parsed /usr/share/haxe/flash9/ui/ContextMenuBuiltInItems.hx
Parsed /usr/share/haxe/flash9/text/TextSnapshot.hx
Parsed /usr/share/haxe/flash9/display/Graphics.hx
Parsed /usr/share/haxe/flash9/display/BitmapData.hx
Parsed /usr/share/haxe/flash9/filters/BitmapFilter.hx
Parsed /usr/share/haxe/flash9/display/GradientType.hx
Parsed /usr/share/haxe/flash9/display/SpreadMethod.hx
Parsed /usr/share/haxe/flash9/display/InterpolationMethod.hx
Parsed /usr/share/haxe/flash9/display/LineScaleMode.hx
Parsed /usr/share/haxe/flash9/display/CapsStyle.hx
Parsed /usr/share/haxe/flash9/display/JointStyle.hx
Parsed /usr/share/haxe/flash9/media/SoundTransform.hx
Parsed /usr/share/haxe/flash9/display/FrameLabel.hx
Parsed /usr/share/haxe/flash9/display/Scene.hx
Parsed /usr/share/haxe/Class.hx
Typing Hash.exists
Typing Hash.keys
Typing Hash.iterator
Typing Hash.toString
Parsed /usr/share/haxe/StringBuf.hx
Typing StringBuf.new
Typing StringBuf.add
Typing Std.string
Parsed /usr/share/haxe/flash9/Boot.hx
Parsed /usr/share/haxe/flash9/text/TextField.hx
Parsed /usr/share/haxe/flash9/text/AntiAliasType.hx
Parsed /usr/share/haxe/flash9/text/TextFieldAutoSize.hx
Parsed /usr/share/haxe/flash9/text/TextFormat.hx
Parsed /usr/share/haxe/flash9/text/TextFormatAlign.hx
Parsed /usr/share/haxe/flash9/text/TextFormatDisplay.hx
Parsed /usr/share/haxe/flash9/text/GridFitType.hx
Parsed /usr/share/haxe/flash9/text/StyleSheet.hx
Parsed /usr/share/haxe/flash9/text/TextFieldType.hx
Parsed /usr/share/haxe/flash9/text/TextLineMetrics.hx
Parsed /usr/share/haxe/flash9/Error.hx
Parsed /usr/share/haxe/haxe/PosInfos.hx
Typing flash.Boot.__string_rec
Typing StringBuf.toString
Typing Std.is
Typing flash.Boot.__instanceof
Typing Std.int
Typing Std.parseInt
Typing Std.parseFloat
Typing Std.random
Parsed /usr/share/haxe/Math.hx
Typing Std.__init__
Typing Math.__init__
Typing flash.Boot.skip_constructor
Typing flash.Boot.new
Typing flash.Boot.enum_to_string
Typing flash.Boot.__clear_trace
Typing flash.Boot.__set_trace_color
Typing flash.Boot.getTrace
Typing flash.Boot.__trace
Typing flash.Boot.__unprotect__
Typing StringBuf.addSub
Typing StringBuf.addChar
Typing flash.Lib.getTimer
Typing flash.Lib.eval
Typing flash.Lib.getURL
Typing flash.Lib.fscommand
Typing flash.Lib.trace
Typing flash.Lib.attach
Typing flash.Lib.as
Typing IntIter.new
Typing IntIter.hasNext
Typing IntIter.next
Generating swf : ./minerva/compiled_client/FlashConnector.swf
