[stderr] May 6, 2011 1:39:45 AM org.plovr.Manifest getInputs
[stderr] INFO: Ignoring: /home/at/JSPATH/.JSPATH_RM_RF_OKAY
[stderr] May 6, 2011 1:39:46 AM org.plovr.Config getCompilerOptions
[stderr] INFO: Compiling with level: ADVANCED_OPTIMIZATIONS
[stderr] May 6, 2011 1:39:49 AM com.google.javascript.jscomp.PhaseOptimizer$NamedPass process
[stderr] INFO: processGoogScopeAliases
[stderr] May 6, 2011 1:39:49 AM com.google.javascript.jscomp.PhaseOptimizer$NamedPass process
[stderr] INFO: suspiciousCode
[stderr] May 6, 2011 1:39:49 AM com.google.javascript.jscomp.PhaseOptimizer$NamedPass process
[stderr] INFO: checkControlStructures
[stderr] May 6, 2011 1:39:49 AM com.google.javascript.jscomp.PhaseOptimizer$NamedPass process
[stderr] INFO: processProvidesAndRequires
[stderr] May 6, 2011 1:39:49 AM com.google.javascript.jscomp.PhaseOptimizer$NamedPass process
[stderr] INFO: checkVars
[stderr] May 6, 2011 1:39:49 AM com.google.javascript.jscomp.PhaseOptimizer$NamedPass process
[stderr] INFO: checkRegExp
[stderr] May 6, 2011 1:39:49 AM com.google.javascript.jscomp.PhaseOptimizer$NamedPass process
[stderr] INFO: checkVariableReferences
[stderr] May 6, 2011 1:39:49 AM com.google.javascript.jscomp.PhaseOptimizer$NamedPass process
[stderr] INFO: resolveTypes
[stderr] May 6, 2011 1:39:50 AM com.google.javascript.jscomp.PhaseOptimizer$NamedPass process
[stderr] INFO: inferTypes
[stderr] May 6, 2011 1:39:52 AM com.google.javascript.jscomp.PhaseOptimizer$NamedPass process
[stderr] INFO: checkTypes
[stderr] May 6, 2011 1:39:53 AM com.google.javascript.jscomp.PhaseOptimizer$NamedPass process
[stderr] INFO: checkControlFlow
[stderr] May 6, 2011 1:39:53 AM com.google.javascript.jscomp.PhaseOptimizer$NamedPass process
[stderr] INFO: checkAccessControls
[stderr] May 6, 2011 1:39:53 AM com.google.javascript.jscomp.PhaseOptimizer$NamedPass process
[stderr] INFO: Check names
[stderr] May 6, 2011 1:39:53 AM com.google.javascript.jscomp.PhaseOptimizer$NamedPass process
[stderr] INFO: renameCssNames
[stderr] May 6, 2011 1:39:53 AM com.google.javascript.jscomp.PhaseOptimizer$NamedPass process
[stderr] INFO: replaceMessages
[stderr] May 6, 2011 1:39:53 AM com.google.javascript.jscomp.PhaseOptimizer$NamedPass process
[stderr] INFO: processDefines
[stderr] May 6, 2011 1:39:53 AM com.google.javascript.jscomp.Compiler stripCode
[stderr] INFO: Strip code
[stderr] May 6, 2011 1:39:53 AM com.google.javascript.jscomp.Compiler externExports
[stderr] INFO: Creating extern file for exports
[stderr] May 6, 2011 1:39:53 AM com.google.javascript.jscomp.Compiler normalize
[stderr] INFO: Normalizing
[stderr] May 6, 2011 1:39:54 AM com.google.javascript.jscomp.PhaseOptimizer$NamedPass process
[stderr] INFO: beforeStandardOptimizations
[stderr] May 6, 2011 1:39:54 AM com.google.javascript.jscomp.PhaseOptimizer$NamedPass process
[stderr] INFO: replaceIdGenerators
[stderr] May 6, 2011 1:39:54 AM com.google.javascript.jscomp.PhaseOptimizer$NamedPass process
[stderr] INFO: optimizeArgumentsArray
[stderr] May 6, 2011 1:39:54 AM com.google.javascript.jscomp.PhaseOptimizer$NamedPass process
[stderr] INFO: closureCodeRemoval
[stderr] May 6, 2011 1:39:54 AM com.google.javascript.jscomp.PhaseOptimizer$NamedPass process
[stderr] INFO: collapseProperties
[stderr] May 6, 2011 1:39:54 AM com.google.javascript.jscomp.PhaseOptimizer$NamedPass process
[stderr] INFO: markPureFunctions
[stderr] May 6, 2011 1:39:55 AM com.google.javascript.jscomp.PhaseOptimizer$NamedPass process
[stderr] INFO: checkConsts
[stderr] May 6, 2011 1:39:55 AM com.google.javascript.jscomp.PhaseOptimizer$NamedPass process
[stderr] INFO: peepholeOptimizations
[stderr] May 6, 2011 1:39:55 AM com.google.javascript.jscomp.PhaseOptimizer$NamedPass process
[stderr] INFO: removeUnreachableCode
[stderr] May 6, 2011 1:39:55 AM com.google.javascript.jscomp.PhaseOptimizer$NamedPass process
[stderr] INFO: inlineVariables
[stderr] May 6, 2011 1:39:55 AM com.google.javascript.jscomp.PhaseOptimizer$NamedPass process
[stderr] INFO: removeUnusedPrototypeProperties
[stderr] May 6, 2011 1:39:55 AM com.google.javascript.jscomp.PhaseOptimizer$NamedPass process
[stderr] INFO: minimizeExitPoints
[stderr] May 6, 2011 1:39:55 AM com.google.javascript.jscomp.PhaseOptimizer$NamedPass process
[stderr] INFO: peepholeOptimizations
[stderr] May 6, 2011 1:39:55 AM com.google.javascript.jscomp.PhaseOptimizer$NamedPass process
[stderr] INFO: removeUnreachableCode
[stderr] May 6, 2011 1:39:55 AM com.google.javascript.jscomp.PhaseOptimizer$NamedPass process
[stderr] INFO: inlineVariables
[stderr] May 6, 2011 1:39:55 AM com.google.javascript.jscomp.PhaseOptimizer$NamedPass process
[stderr] INFO: removeUnusedPrototypeProperties
[stderr] May 6, 2011 1:39:55 AM com.google.javascript.jscomp.PhaseOptimizer$NamedPass process
[stderr] INFO: minimizeExitPoints
[stderr] May 6, 2011 1:39:55 AM com.google.javascript.jscomp.PhaseOptimizer$NamedPass process
[stderr] INFO: peepholeOptimizations
[stderr] May 6, 2011 1:39:55 AM com.google.javascript.jscomp.PhaseOptimizer$NamedPass process
[stderr] INFO: removeUnreachableCode
[stderr] May 6, 2011 1:39:55 AM com.google.javascript.jscomp.PhaseOptimizer$NamedPass process
[stderr] INFO: inlineVariables
[stderr] May 6, 2011 1:39:55 AM com.google.javascript.jscomp.PhaseOptimizer$NamedPass process
[stderr] INFO: removeUnusedPrototypeProperties
[stderr] May 6, 2011 1:39:55 AM com.google.javascript.jscomp.PhaseOptimizer$NamedPass process
[stderr] INFO: minimizeExitPoints
[stderr] May 6, 2011 1:39:55 AM com.google.javascript.jscomp.PhaseOptimizer$NamedPass process
[stderr] INFO: peepholeOptimizations
[stderr] May 6, 2011 1:39:55 AM com.google.javascript.jscomp.PhaseOptimizer$NamedPass process
[stderr] INFO: removeUnreachableCode
[stderr] May 6, 2011 1:39:55 AM com.google.javascript.jscomp.PhaseOptimizer$NamedPass process
[stderr] INFO: inlineVariables
[stderr] May 6, 2011 1:39:55 AM com.google.javascript.jscomp.PhaseOptimizer$NamedPass process
[stderr] INFO: removeUnusedPrototypeProperties
[stderr] May 6, 2011 1:39:55 AM com.google.javascript.jscomp.PhaseOptimizer$NamedPass process
[stderr] INFO: minimizeExitPoints
[stderr] May 6, 2011 1:39:55 AM com.google.javascript.jscomp.PhaseOptimizer$NamedPass process
[stderr] INFO: smartNamePass
[stderr] May 6, 2011 1:39:56 AM com.google.javascript.jscomp.PhaseOptimizer$NamedPass process
[stderr] INFO: crossModuleCodeMotion
[stderr] May 6, 2011 1:39:56 AM com.google.javascript.jscomp.CrossModuleCodeMotion process
[stderr] INFO: Moving functions + variable into deeper modules
[stderr] May 6, 2011 1:39:56 AM com.google.javascript.jscomp.PhaseOptimizer$NamedPass process
[stderr] INFO: devirtualizePrototypeMethods
[stderr] May 6, 2011 1:39:56 AM com.google.javascript.jscomp.PhaseOptimizer$NamedPass process
[stderr] INFO: runCustomPasses
[stderr] May 6, 2011 1:39:56 AM com.google.javascript.jscomp.PhaseOptimizer$NamedPass process
[stderr] INFO: beforeMainOptimizations
[stderr] May 6, 2011 1:39:56 AM com.google.javascript.jscomp.PhaseOptimizer$NamedPass process
[stderr] INFO: inlineSimpleMethods
[stderr] May 6, 2011 1:39:56 AM com.google.javascript.jscomp.PhaseOptimizer$NamedPass process
[stderr] INFO: peepholeOptimizations
[stderr] May 6, 2011 1:39:56 AM com.google.javascript.jscomp.PhaseOptimizer$NamedPass process
[stderr] INFO: optimizeCalls_and_removeUnusedVars
[stderr] May 6, 2011 1:39:56 AM com.google.javascript.jscomp.PhaseOptimizer$NamedPass process
[stderr] INFO: removeUnreachableCode
[stderr] May 6, 2011 1:39:56 AM com.google.javascript.jscomp.PhaseOptimizer$NamedPass process
[stderr] INFO: deadAssignmentsElimination
[stderr] May 6, 2011 1:39:56 AM com.google.javascript.jscomp.PhaseOptimizer$NamedPass process
[stderr] INFO: inlineVariables
[stderr] May 6, 2011 1:39:56 AM com.google.javascript.jscomp.PhaseOptimizer$NamedPass process
[stderr] INFO: inlineFunctions
[stderr] May 6, 2011 1:39:56 AM com.google.javascript.jscomp.PhaseOptimizer$NamedPass process
[stderr] INFO: removeUnusedPrototypeProperties
[stderr] May 6, 2011 1:39:56 AM com.google.javascript.jscomp.PhaseOptimizer$NamedPass process
[stderr] INFO: minimizeExitPoints
[stderr] May 6, 2011 1:39:56 AM com.google.javascript.jscomp.PhaseOptimizer$NamedPass process
[stderr] INFO: inlineSimpleMethods
[stderr] May 6, 2011 1:39:56 AM com.google.javascript.jscomp.PhaseOptimizer$NamedPass process
[stderr] INFO: peepholeOptimizations
[stderr] May 6, 2011 1:39:56 AM com.google.javascript.jscomp.PhaseOptimizer$NamedPass process
[stderr] INFO: optimizeCalls_and_removeUnusedVars
[stderr] May 6, 2011 1:39:56 AM com.google.javascript.jscomp.PhaseOptimizer$NamedPass process
[stderr] INFO: removeUnreachableCode
[stderr] May 6, 2011 1:39:56 AM com.google.javascript.jscomp.PhaseOptimizer$NamedPass process
[stderr] INFO: deadAssignmentsElimination
[stderr] May 6, 2011 1:39:56 AM com.google.javascript.jscomp.PhaseOptimizer$NamedPass process
[stderr] INFO: inlineVariables
[stderr] May 6, 2011 1:39:56 AM com.google.javascript.jscomp.PhaseOptimizer$NamedPass process
[stderr] INFO: inlineFunctions
[stderr] May 6, 2011 1:39:56 AM com.google.javascript.jscomp.PhaseOptimizer$NamedPass process
[stderr] INFO: removeUnusedPrototypeProperties
[stderr] May 6, 2011 1:39:56 AM com.google.javascript.jscomp.PhaseOptimizer$NamedPass process
[stderr] INFO: minimizeExitPoints
[stderr] May 6, 2011 1:39:56 AM com.google.javascript.jscomp.PhaseOptimizer$NamedPass process
[stderr] INFO: inlineSimpleMethods
[stderr] May 6, 2011 1:39:56 AM com.google.javascript.jscomp.PhaseOptimizer$NamedPass process
[stderr] INFO: peepholeOptimizations
[stderr] May 6, 2011 1:39:56 AM com.google.javascript.jscomp.PhaseOptimizer$NamedPass process
[stderr] INFO: optimizeCalls_and_removeUnusedVars
[stderr] May 6, 2011 1:39:56 AM com.google.javascript.jscomp.PhaseOptimizer$NamedPass process
[stderr] INFO: removeUnreachableCode
[stderr] May 6, 2011 1:39:56 AM com.google.javascript.jscomp.PhaseOptimizer$NamedPass process
[stderr] INFO: deadAssignmentsElimination
[stderr] May 6, 2011 1:39:56 AM com.google.javascript.jscomp.PhaseOptimizer$NamedPass process
[stderr] INFO: inlineVariables
[stderr] May 6, 2011 1:39:56 AM com.google.javascript.jscomp.PhaseOptimizer$NamedPass process
[stderr] INFO: inlineFunctions
[stderr] May 6, 2011 1:39:56 AM com.google.javascript.jscomp.PhaseOptimizer$NamedPass process
[stderr] INFO: removeUnusedPrototypeProperties
[stderr] May 6, 2011 1:39:56 AM com.google.javascript.jscomp.PhaseOptimizer$NamedPass process
[stderr] INFO: minimizeExitPoints
[stderr] May 6, 2011 1:39:56 AM com.google.javascript.jscomp.PhaseOptimizer$NamedPass process
[stderr] INFO: inlineSimpleMethods
[stderr] May 6, 2011 1:39:56 AM com.google.javascript.jscomp.PhaseOptimizer$NamedPass process
[stderr] INFO: peepholeOptimizations
[stderr] May 6, 2011 1:39:56 AM com.google.javascript.jscomp.PhaseOptimizer$NamedPass process
[stderr] INFO: optimizeCalls_and_removeUnusedVars
[stderr] May 6, 2011 1:39:56 AM com.google.javascript.jscomp.PhaseOptimizer$NamedPass process
[stderr] INFO: removeUnreachableCode
[stderr] May 6, 2011 1:39:56 AM com.google.javascript.jscomp.PhaseOptimizer$NamedPass process
[stderr] INFO: deadAssignmentsElimination
[stderr] May 6, 2011 1:39:57 AM com.google.javascript.jscomp.PhaseOptimizer$NamedPass process
[stderr] INFO: inlineVariables
[stderr] May 6, 2011 1:39:57 AM com.google.javascript.jscomp.PhaseOptimizer$NamedPass process
[stderr] INFO: inlineFunctions
[stderr] May 6, 2011 1:39:57 AM com.google.javascript.jscomp.PhaseOptimizer$NamedPass process
[stderr] INFO: removeUnusedPrototypeProperties
[stderr] May 6, 2011 1:39:57 AM com.google.javascript.jscomp.PhaseOptimizer$NamedPass process
[stderr] INFO: minimizeExitPoints
[stderr] May 6, 2011 1:39:57 AM com.google.javascript.jscomp.PhaseOptimizer$NamedPass process
[stderr] INFO: inlineSimpleMethods
[stderr] May 6, 2011 1:39:57 AM com.google.javascript.jscomp.PhaseOptimizer$NamedPass process
[stderr] INFO: peepholeOptimizations
[stderr] May 6, 2011 1:39:57 AM com.google.javascript.jscomp.PhaseOptimizer$NamedPass process
[stderr] INFO: optimizeCalls_and_removeUnusedVars
[stderr] May 6, 2011 1:39:57 AM com.google.javascript.jscomp.PhaseOptimizer$NamedPass process
[stderr] INFO: removeUnreachableCode
[stderr] May 6, 2011 1:39:57 AM com.google.javascript.jscomp.PhaseOptimizer$NamedPass process
[stderr] INFO: deadAssignmentsElimination
[stderr] May 6, 2011 1:39:57 AM com.google.javascript.jscomp.PhaseOptimizer$NamedPass process
[stderr] INFO: inlineVariables
[stderr] May 6, 2011 1:39:57 AM com.google.javascript.jscomp.PhaseOptimizer$NamedPass process
[stderr] INFO: inlineFunctions
[stderr] May 6, 2011 1:39:57 AM com.google.javascript.jscomp.PhaseOptimizer$NamedPass process
[stderr] INFO: removeUnusedPrototypeProperties
[stderr] May 6, 2011 1:39:57 AM com.google.javascript.jscomp.PhaseOptimizer$NamedPass process
[stderr] INFO: minimizeExitPoints
[stderr] May 6, 2011 1:39:57 AM com.google.javascript.jscomp.PhaseOptimizer$NamedPass process
[stderr] INFO: beforeModuleMotion
[stderr] May 6, 2011 1:39:57 AM com.google.javascript.jscomp.PhaseOptimizer$NamedPass process
[stderr] INFO: crossModuleCodeMotion
[stderr] May 6, 2011 1:39:57 AM com.google.javascript.jscomp.CrossModuleCodeMotion process
[stderr] INFO: Moving functions + variable into deeper modules
[stderr] May 6, 2011 1:39:57 AM com.google.javascript.jscomp.PhaseOptimizer$NamedPass process
[stderr] INFO: crossModuleMethodMotion
[stderr] May 6, 2011 1:39:57 AM com.google.javascript.jscomp.PhaseOptimizer$NamedPass process
[stderr] INFO: afterModuleMotion
[stderr] May 6, 2011 1:39:57 AM com.google.javascript.jscomp.PhaseOptimizer$NamedPass process
[stderr] INFO: runCustomPasses
[stderr] May 6, 2011 1:39:57 AM com.google.javascript.jscomp.PhaseOptimizer$NamedPass process
[stderr] INFO: flowSensitiveInlineVariables
[stderr] May 6, 2011 1:39:57 AM com.google.javascript.jscomp.PhaseOptimizer$NamedPass process
[stderr] INFO: removeUnusedVars
[stderr] May 6, 2011 1:39:57 AM com.google.javascript.jscomp.PhaseOptimizer$NamedPass process
[stderr] INFO: removeUnusedVars
[stderr] May 6, 2011 1:39:57 AM com.google.javascript.jscomp.PhaseOptimizer$NamedPass process
[stderr] INFO: smartNamePass
[stderr] May 6, 2011 1:39:57 AM com.google.javascript.jscomp.PhaseOptimizer$NamedPass process
[stderr] INFO: collapseAnonymousFunctions
[stderr] May 6, 2011 1:39:57 AM com.google.javascript.jscomp.PhaseOptimizer$NamedPass process
[stderr] INFO: extractPrototypeMemberDeclarations
[stderr] May 6, 2011 1:39:57 AM com.google.javascript.jscomp.PhaseOptimizer$NamedPass process
[stderr] INFO: renameProperties
[stderr] May 6, 2011 1:39:57 AM com.google.javascript.jscomp.PhaseOptimizer$NamedPass process
[stderr] INFO: gatherRawExports
[stderr] May 6, 2011 1:39:57 AM com.google.javascript.jscomp.PhaseOptimizer$NamedPass process
[stderr] INFO: convertToDottedProperties
[stderr] May 6, 2011 1:39:57 AM com.google.javascript.jscomp.PhaseOptimizer$NamedPass process
[stderr] INFO: rewriteFunctionExpressions
[stderr] May 6, 2011 1:39:57 AM com.google.javascript.jscomp.PhaseOptimizer$NamedPass process
[stderr] INFO: aliasKeywords
[stderr] May 6, 2011 1:39:57 AM com.google.javascript.jscomp.PhaseOptimizer$NamedPass process
[stderr] INFO: markUnnormalized
[stderr] May 6, 2011 1:39:57 AM com.google.javascript.jscomp.PhaseOptimizer$NamedPass process
[stderr] INFO: coalesceVariableNames
[stderr] May 6, 2011 1:39:57 AM com.google.javascript.jscomp.PhaseOptimizer$NamedPass process
[stderr] INFO: peepholeOptimizations
[stderr] May 6, 2011 1:39:57 AM com.google.javascript.jscomp.PhaseOptimizer$NamedPass process
[stderr] INFO: peepholeOptimizations
[stderr] May 6, 2011 1:39:57 AM com.google.javascript.jscomp.PhaseOptimizer$NamedPass process
[stderr] INFO: expointAssign
[stderr] May 6, 2011 1:39:57 AM com.google.javascript.jscomp.PhaseOptimizer$NamedPass process
[stderr] INFO: collapseVariableDeclarations
[stderr] May 6, 2011 1:39:57 AM com.google.javascript.jscomp.PhaseOptimizer$NamedPass process
[stderr] INFO: denormalize
[stderr] May 6, 2011 1:39:57 AM com.google.javascript.jscomp.PhaseOptimizer$NamedPass process
[stderr] INFO: renameVars
[stderr] May 6, 2011 1:39:57 AM com.google.javascript.jscomp.PhaseOptimizer$NamedPass process
[stderr] INFO: renameLabels
[stderr] May 6, 2011 1:39:57 AM com.google.javascript.jscomp.PhaseOptimizer$NamedPass process
[stderr] INFO: peepholeOptimizations
[stderr] May 6, 2011 1:39:57 AM com.google.javascript.jscomp.PhaseOptimizer$NamedPass process
[stderr] INFO: peepholeOptimizations
[stderr] May 6, 2011 1:39:57 AM com.google.javascript.jscomp.PhaseOptimizer$NamedPass process
[stderr] INFO: operaCompoundAssignFix
[stderr] May 6, 2011 1:39:57 AM com.google.javascript.jscomp.PhaseOptimizer$NamedPass process
[stderr] INFO: sanityCheckAst
[stderr] May 6, 2011 1:39:57 AM com.google.javascript.jscomp.PhaseOptimizer$NamedPass process
[stderr] INFO: sanityCheckVars
[stderr] May 6, 2011 1:39:57 AM com.google.javascript.jscomp.LoggerErrorManager println
[stderr] WARNING: /JSPATH/cw/clock.js:408: WARNING - goog.typedef is never defined
[stderr] cw.clock.IWindowTimeAll = goog.typedef;
[stderr]                           ^
[stderr] 
[stderr] May 6, 2011 1:39:57 AM com.google.javascript.jscomp.LoggerErrorManager println
[stderr] WARNING: /JSPATH/cw/clock.js:417: WARNING - goog.typedef is never defined
[stderr] cw.clock.IWindowTimeIntervalOptional = goog.typedef;
[stderr]                                        ^
[stderr] 
[stderr] May 6, 2011 1:39:57 AM com.google.javascript.jscomp.LoggerErrorManager println
[stderr] WARNING: /JSPATH/cw/net/client.js:157: WARNING - goog.typedef is never defined
[stderr] cw.net.Endpoint = goog.typedef;
[stderr]                   ^
[stderr] 
[stderr] May 6, 2011 1:39:57 AM com.google.javascript.jscomp.LoggerErrorManager println
[stderr] WARNING: /JSPATH/cw/net/client.js:1532: WARNING - goog.typedef is never defined
[stderr] cw.net.SeqNumStringPairs_ = goog.typedef;
[stderr]                             ^
[stderr] 
[stderr] May 6, 2011 1:39:57 AM com.google.javascript.jscomp.LoggerErrorManager println
[stderr] WARNING: /JSPATH/cw/net/flash.js:225: WARNING - Property CallFunction never defined on cw.net.FlashSocket.bridge_
[stderr] 		var ret = this.bridge_.CallFunction(
[stderr] 		          ^
[stderr] 
[stderr] May 6, 2011 1:39:57 AM com.google.javascript.jscomp.LoggerErrorManager println
[stderr] WARNING: /JSPATH/cw/net/flash.js:246: WARNING - Property CallFunction never defined on cw.net.FlashSocket.bridge_
[stderr] 		var ret = this.bridge_.CallFunction(
[stderr] 		          ^
[stderr] 
[stderr] May 6, 2011 1:39:57 AM com.google.javascript.jscomp.LoggerErrorManager println
[stderr] WARNING: /JSPATH/cw/net/flash.js:278: WARNING - Property CallFunction never defined on Element
[stderr] 			var ret = bridge.CallFunction(
[stderr] 			          ^
[stderr] 
[stderr] May 6, 2011 1:39:57 AM com.google.javascript.jscomp.LoggerErrorManager println
[stderr] WARNING: /JSPATH/cw/net/flash.js:352: WARNING - Property CallFunction never defined on Element
[stderr] 	var ret = bridge.CallFunction(
[stderr] 	          ^
[stderr] 
[stderr] May 6, 2011 1:39:57 AM com.google.javascript.jscomp.LoggerErrorManager println
[stderr] WARNING: /JSPATH/cw/net/frames.js:1068: WARNING - goog.typedef is never defined
[stderr] cw.net.Frame = goog.typedef;
[stderr]                ^
[stderr] 
[stderr] May 6, 2011 1:39:57 AM com.google.javascript.jscomp.LoggerErrorManager println
[stderr] WARNING: /JSPATH/cw/net/xhrlike.js:9: WARNING - Bad type annotation. Unknown type XDomainRequest
[stderr]  * @type {(XMLHttpRequest|ActiveXObject|XDomainRequest)}
[stderr]                                                       ^
[stderr] 
[stderr] May 6, 2011 1:39:57 AM com.google.javascript.jscomp.LoggerErrorManager println
[stderr] WARNING: /JSPATH/cw/net/xhrlike.js:11: WARNING - goog.typedef is never defined
[stderr] cw.net.XHRLike = goog.typedef;
[stderr]                  ^
[stderr] 
[stderr] May 6, 2011 1:39:57 AM com.google.javascript.jscomp.LoggerErrorManager println
[stderr] WARNING: /JSPATH/cw/net/xhrmaster.js:274: WARNING - Property superClass_ never defined on cw.net.XHRMasterTracker
[stderr] 	cw.net.XHRMasterTracker.superClass_.disposeInternal.call(this);
[stderr] 	^
[stderr] 
[stderr] May 6, 2011 1:39:57 AM com.google.javascript.jscomp.LoggerErrorManager printSummary
[stderr] WARNING: 0 error(s), 12 warning(s), 95.1% typed
